  main.cpp
C:\Users\naoya\source\repos\ShootingGame20180109\ShootingGame20180109\main.cpp(160,38): warning C4244: '引数': 'float' から 'int' への変換です。データが失われる可能性があります。
C:\Users\naoya\source\repos\ShootingGame20180109\ShootingGame20180109\main.cpp(160,24): warning C4244: '引数': 'float' から 'int' への変換です。データが失われる可能性があります。
C:\Users\naoya\source\repos\ShootingGame20180109\ShootingGame20180109\main.cpp(161,45): warning C4244: '引数': 'float' から 'int' への変換です。データが失われる可能性があります。
C:\Users\naoya\source\repos\ShootingGame20180109\ShootingGame20180109\main.cpp(161,26): warning C4244: '引数': 'float' から 'int' への変換です。データが失われる可能性があります。
C:\Users\naoya\source\repos\ShootingGame20180109\ShootingGame20180109\main.cpp(225,51): warning C4244: '引数': 'float' から 'int' への変換です。データが失われる可能性があります。
C:\Users\naoya\source\repos\ShootingGame20180109\ShootingGame20180109\main.cpp(225,32): warning C4244: '引数': 'float' から 'int' への変換です。データが失われる可能性があります。
C:\Users\naoya\source\repos\ShootingGame20180109\ShootingGame20180109\main.cpp(226,51): warning C4244: '引数': 'float' から 'int' への変換です。データが失われる可能性があります。
C:\Users\naoya\source\repos\ShootingGame20180109\ShootingGame20180109\main.cpp(226,32): warning C4244: '引数': 'float' から 'int' への変換です。データが失われる可能性があります。
C:\Users\naoya\source\repos\ShootingGame20180109\ShootingGame20180109\main.cpp(230,49): warning C4244: '=': 'float' から 'int' への変換です。データが失われる可能性があります。
C:\Users\naoya\source\repos\ShootingGame20180109\ShootingGame20180109\main.cpp(230,79): warning C4244: '=': 'float' から 'int' への変換です。データが失われる可能性があります。
C:\Users\naoya\source\repos\ShootingGame20180109\ShootingGame20180109\main.cpp(231,49): warning C4244: '=': 'float' から 'int' への変換です。データが失われる可能性があります。
C:\Users\naoya\source\repos\ShootingGame20180109\ShootingGame20180109\main.cpp(231,79): warning C4244: '=': 'float' から 'int' への変換です。データが失われる可能性があります。
C:\Users\naoya\source\repos\ShootingGame20180109\ShootingGame20180109\main.cpp(239,51): warning C4244: '引数': 'float' から 'int' への変換です。データが失われる可能性があります。
C:\Users\naoya\source\repos\ShootingGame20180109\ShootingGame20180109\main.cpp(239,31): warning C4244: '引数': 'float' から 'int' への変換です。データが失われる可能性があります。
C:\Users\naoya\source\repos\ShootingGame20180109\ShootingGame20180109\main.cpp(246,49): warning C4244: '=': 'float' から 'int' への変換です。データが失われる可能性があります。
C:\Users\naoya\source\repos\ShootingGame20180109\ShootingGame20180109\main.cpp(246,79): warning C4244: '=': 'float' から 'int' への変換です。データが失われる可能性があります。
C:\Users\naoya\source\repos\ShootingGame20180109\ShootingGame20180109\main.cpp(247,49): warning C4244: '=': 'float' から 'int' への変換です。データが失われる可能性があります。
C:\Users\naoya\source\repos\ShootingGame20180109\ShootingGame20180109\main.cpp(247,80): warning C4244: '=': 'float' から 'int' への変換です。データが失われる可能性があります。
C:\Users\naoya\source\repos\ShootingGame20180109\ShootingGame20180109\main.cpp(255,52): warning C4244: '引数': 'float' から 'int' への変換です。データが失われる可能性があります。
C:\Users\naoya\source\repos\ShootingGame20180109\ShootingGame20180109\main.cpp(255,31): warning C4244: '引数': 'float' から 'int' への変換です。データが失われる可能性があります。
C:\Users\naoya\source\repos\ShootingGame20180109\ShootingGame20180109\main.cpp(262,50): warning C4244: '=': 'float' から 'int' への変換です。データが失われる可能性があります。
C:\Users\naoya\source\repos\ShootingGame20180109\ShootingGame20180109\main.cpp(262,81): warning C4244: '=': 'float' から 'int' への変換です。データが失われる可能性があります。
C:\Users\naoya\source\repos\ShootingGame20180109\ShootingGame20180109\main.cpp(263,50): warning C4244: '=': 'float' から 'int' への変換です。データが失われる可能性があります。
C:\Users\naoya\source\repos\ShootingGame20180109\ShootingGame20180109\main.cpp(263,81): warning C4244: '=': 'float' から 'int' への変換です。データが失われる可能性があります。
C:\Users\naoya\source\repos\ShootingGame20180109\ShootingGame20180109\main.cpp(282,28): warning C4244: '=': 'float' から 'int' への変換です。データが失われる可能性があります。
C:\Users\naoya\source\repos\ShootingGame20180109\ShootingGame20180109\main.cpp(282,72): warning C4244: '=': 'float' から 'int' への変換です。データが失われる可能性があります。
C:\Users\naoya\source\repos\ShootingGame20180109\ShootingGame20180109\main.cpp(283,28): warning C4244: '=': 'float' から 'int' への変換です。データが失われる可能性があります。
C:\Users\naoya\source\repos\ShootingGame20180109\ShootingGame20180109\main.cpp(283,72): warning C4244: '=': 'float' から 'int' への変換です。データが失われる可能性があります。
C:\Users\naoya\source\repos\ShootingGame20180109\ShootingGame20180109\main.cpp(298,42): warning C4244: '引数': 'float' から 'int' への変換です。データが失われる可能性があります。
C:\Users\naoya\source\repos\ShootingGame20180109\ShootingGame20180109\main.cpp(298,26): warning C4244: '引数': 'float' から 'int' への変換です。データが失われる可能性があります。
C:\Users\naoya\source\repos\ShootingGame20180109\ShootingGame20180109\main.cpp(299,48): warning C4244: '引数': 'float' から 'int' への変換です。データが失われる可能性があります。
C:\Users\naoya\source\repos\ShootingGame20180109\ShootingGame20180109\main.cpp(299,28): warning C4244: '引数': 'float' から 'int' への変換です。データが失われる可能性があります。
C:\Users\naoya\source\repos\ShootingGame20180109\ShootingGame20180109\main.cpp(333,38): warning C4244: '引数': 'float' から 'int' への変換です。データが失われる可能性があります。
C:\Users\naoya\source\repos\ShootingGame20180109\ShootingGame20180109\main.cpp(333,25): warning C4244: '引数': 'float' から 'int' への変換です。データが失われる可能性があります。
C:\Users\naoya\source\repos\ShootingGame20180109\ShootingGame20180109\main.cpp(337,29): warning C4244: '=': 'float' から 'int' への変換です。データが失われる可能性があります。
C:\Users\naoya\source\repos\ShootingGame20180109\ShootingGame20180109\main.cpp(337,67): warning C4244: '=': 'float' から 'int' への変換です。データが失われる可能性があります。
C:\Users\naoya\source\repos\ShootingGame20180109\ShootingGame20180109\main.cpp(350,42): warning C4244: '引数': 'float' から 'int' への変換です。データが失われる可能性があります。
C:\Users\naoya\source\repos\ShootingGame20180109\ShootingGame20180109\main.cpp(350,26): warning C4244: '引数': 'float' から 'int' への変換です。データが失われる可能性があります。
C:\Users\naoya\source\repos\ShootingGame20180109\ShootingGame20180109\main.cpp(351,49): warning C4244: '引数': 'float' から 'int' への変換です。データが失われる可能性があります。
C:\Users\naoya\source\repos\ShootingGame20180109\ShootingGame20180109\main.cpp(351,28): warning C4244: '引数': 'float' から 'int' への変換です。データが失われる可能性があります。
C:\Users\naoya\source\repos\ShootingGame20180109\ShootingGame20180109\main.cpp(387,38): warning C4244: '引数': 'float' から 'int' への変換です。データが失われる可能性があります。
C:\Users\naoya\source\repos\ShootingGame20180109\ShootingGame20180109\main.cpp(387,25): warning C4244: '引数': 'float' から 'int' への変換です。データが失われる可能性があります。
C:\Users\naoya\source\repos\ShootingGame20180109\ShootingGame20180109\main.cpp(391,29): warning C4244: '=': 'float' から 'int' への変換です。データが失われる可能性があります。
C:\Users\naoya\source\repos\ShootingGame20180109\ShootingGame20180109\main.cpp(391,67): warning C4244: '=': 'float' から 'int' への変換です。データが失われる可能性があります。
C:\Users\naoya\source\repos\ShootingGame20180109\ShootingGame20180109\main.cpp(404,42): warning C4244: '引数': 'float' から 'int' への変換です。データが失われる可能性があります。
C:\Users\naoya\source\repos\ShootingGame20180109\ShootingGame20180109\main.cpp(404,26): warning C4244: '引数': 'float' から 'int' への変換です。データが失われる可能性があります。
C:\Users\naoya\source\repos\ShootingGame20180109\ShootingGame20180109\main.cpp(405,49): warning C4244: '引数': 'float' から 'int' への変換です。データが失われる可能性があります。
C:\Users\naoya\source\repos\ShootingGame20180109\ShootingGame20180109\main.cpp(405,28): warning C4244: '引数': 'float' から 'int' への変換です。データが失われる可能性があります。
C:\Users\naoya\source\repos\ShootingGame20180109\ShootingGame20180109\main.cpp(435,43): warning C4244: '引数': 'float' から 'int' への変換です。データが失われる可能性があります。
C:\Users\naoya\source\repos\ShootingGame20180109\ShootingGame20180109\main.cpp(435,28): warning C4244: '引数': 'float' から 'int' への変換です。データが失われる可能性があります。
C:\Users\naoya\source\repos\ShootingGame20180109\ShootingGame20180109\main.cpp(436,43): warning C4244: '引数': 'float' から 'int' への変換です。データが失われる可能性があります。
C:\Users\naoya\source\repos\ShootingGame20180109\ShootingGame20180109\main.cpp(436,28): warning C4244: '引数': 'float' から 'int' への変換です。データが失われる可能性があります。
C:\Users\naoya\source\repos\ShootingGame20180109\ShootingGame20180109\main.cpp(440,43): warning C4244: '=': 'float' から 'int' への変換です。データが失われる可能性があります。
C:\Users\naoya\source\repos\ShootingGame20180109\ShootingGame20180109\main.cpp(440,72): warning C4244: '=': 'float' から 'int' への変換です。データが失われる可能性があります。
C:\Users\naoya\source\repos\ShootingGame20180109\ShootingGame20180109\main.cpp(441,43): warning C4244: '=': 'float' から 'int' への変換です。データが失われる可能性があります。
C:\Users\naoya\source\repos\ShootingGame20180109\ShootingGame20180109\main.cpp(441,73): warning C4244: '=': 'float' から 'int' への変換です。データが失われる可能性があります。
C:\Users\naoya\source\repos\ShootingGame20180109\ShootingGame20180109\main.cpp(478,38): warning C4244: '引数': 'float' から 'int' への変換です。データが失われる可能性があります。
C:\Users\naoya\source\repos\ShootingGame20180109\ShootingGame20180109\main.cpp(478,25): warning C4244: '引数': 'float' から 'int' への変換です。データが失われる可能性があります。
C:\Users\naoya\source\repos\ShootingGame20180109\ShootingGame20180109\main.cpp(482,30): warning C4244: '=': 'float' から 'int' への変換です。データが失われる可能性があります。
C:\Users\naoya\source\repos\ShootingGame20180109\ShootingGame20180109\main.cpp(482,69): warning C4244: '=': 'float' から 'int' への変換です。データが失われる可能性があります。
C:\Users\naoya\source\repos\ShootingGame20180109\ShootingGame20180109\main.cpp(490,30): warning C4244: '=': 'float' から 'int' への変換です。データが失われる可能性があります。
C:\Users\naoya\source\repos\ShootingGame20180109\ShootingGame20180109\main.cpp(490,73): warning C4244: '=': 'float' から 'int' への変換です。データが失われる可能性があります。
C:\Users\naoya\source\repos\ShootingGame20180109\ShootingGame20180109\main.cpp(510,46): warning C4244: '引数': 'float' から 'int' への変換です。データが失われる可能性があります。
C:\Users\naoya\source\repos\ShootingGame20180109\ShootingGame20180109\main.cpp(510,27): warning C4244: '引数': 'float' から 'int' への変換です。データが失われる可能性があります。
C:\Users\naoya\source\repos\ShootingGame20180109\ShootingGame20180109\main.cpp(519,30): warning C4244: '=': 'double' から 'float' への変換です。データが失われる可能性があります。
C:\Users\naoya\source\repos\ShootingGame20180109\ShootingGame20180109\main.cpp(520,30): warning C4244: '=': 'double' から 'float' への変換です。データが失われる可能性があります。
C:\Users\naoya\source\repos\ShootingGame20180109\ShootingGame20180109\main.cpp(522,37): warning C4244: '引数': 'float' から 'int' への変換です。データが失われる可能性があります。
C:\Users\naoya\source\repos\ShootingGame20180109\ShootingGame20180109\main.cpp(522,23): warning C4244: '引数': 'float' から 'int' への変換です。データが失われる可能性があります。
C:\Users\naoya\source\repos\ShootingGame20180109\ShootingGame20180109\main.cpp(557,45): warning C4244: '引数': 'float' から 'int' への変換です。データが失われる可能性があります。
C:\Users\naoya\source\repos\ShootingGame20180109\ShootingGame20180109\main.cpp(557,25): warning C4244: '引数': 'float' から 'int' への変換です。データが失われる可能性があります。
C:\Users\naoya\source\repos\ShootingGame20180109\ShootingGame20180109\main.cpp(558,45): warning C4244: '引数': 'float' から 'int' への変換です。データが失われる可能性があります。
C:\Users\naoya\source\repos\ShootingGame20180109\ShootingGame20180109\main.cpp(558,25): warning C4244: '引数': 'float' から 'int' への変換です。データが失われる可能性があります。
C:\Users\naoya\source\repos\ShootingGame20180109\ShootingGame20180109\main.cpp(586,36): warning C4244: '=': 'int' から 'float' への変換です。データが失われる可能性があります。
C:\Users\naoya\source\repos\ShootingGame20180109\ShootingGame20180109\main.cpp(593,36): warning C4244: '=': 'int' から 'float' への変換です。データが失われる可能性があります。
C:\Users\naoya\source\repos\ShootingGame20180109\ShootingGame20180109\main.cpp(600,36): warning C4244: '=': 'int' から 'float' への変換です。データが失われる可能性があります。
  コード生成しています。
  Previous IPDB not found, fall back to full compilation.
  All 5 functions were compiled because no usable IPDB/IOBJ from previous compilation was found.
  コード生成が終了しました。
  ShootingGame20180109.vcxproj -> C:\Users\naoya\source\repos\ShootingGame20180109\Release\ShootingGame20180109.exe
